<?xml version="1.0" encoding="UTF-8"?>
<!-- Generated by org.testng.reporters.JUnitReportReporter -->
<testsuite skipped="0" hostname="DESKTOP-ADGCHK6" name="com.ebanking.master.SGrid" tests="2" failures="0" timestamp="2023-03-14T17:03:03 IST" time="45.573" errors="0">
  <testcase name="Gd" time="21.680" classname="com.ebanking.master.SGrid"/>
  <system-out/>
  <testcase name="Gd" time="23.893" classname="com.ebanking.master.SGrid"/>
  <system-out/>
</testsuite> <!-- com.ebanking.master.SGrid -->
