<?xml version="1.0" encoding="UTF-8"?>
<!-- Generated by org.testng.reporters.JUnitReportReporter -->
<testsuite skipped="0" hostname="DESKTOP-ADGCHK6" name="com.ebanking.master.RoleNG" tests="3" failures="0" timestamp="2023-03-01T17:22:31 IST" time="39.987" errors="0">
  <testcase name="Rol" time="13.612" classname="com.ebanking.master.RoleNG"/>
  <system-out/>
  <testcase name="Rol" time="13.212" classname="com.ebanking.master.RoleNG"/>
  <system-out/>
  <testcase name="Rol" time="13.163" classname="com.ebanking.master.RoleNG"/>
  <system-out/>
</testsuite> <!-- com.ebanking.master.RoleNG -->
