<?xml version="1.0" encoding="UTF-8"?>
<!-- Generated by org.testng.reporters.JUnitReportReporter -->
<testsuite skipped="0" hostname="DESKTOP-ADGCHK6" name="com.ebanking.master.Exepom" tests="1" failures="0" timestamp="2023-03-07T17:16:00 IST" time="51.125" errors="0">
  <testcase name="Rolecreation" time="51.125" classname="com.ebanking.master.Exepom"/>
  <system-out/>
</testsuite> <!-- com.ebanking.master.Exepom -->
