<?xml version="1.0" encoding="UTF-8"?>
<!-- Generated by org.testng.reporters.JUnitReportReporter -->
<testsuite skipped="0" hostname="DESKTOP-ADGCHK6" name="com.ebanking.master.SampleNG" tests="2" failures="0" timestamp="2023-02-27T17:34:33 IST" time="34.301" errors="0">
  <testcase name="bcd" time="15.554" classname="com.ebanking.master.SampleNG"/>
  <system-out/>
  <testcase name="abc" time="18.747" classname="com.ebanking.master.SampleNG"/>
  <system-out/>
</testsuite> <!-- com.ebanking.master.SampleNG -->
